C:\Program Files (x86)\Microsoft Visual Studio\2019\Community\MSBuild\Microsoft\VC\v160\Microsoft.CppBuild.targets(445,5): warning MSB8004: Output Directory does not end with a trailing slash.  This build instance will add the slash as it is required to allow proper evaluation of the Output Directory.
  Microsoft (R) Incremental Linker Version 14.24.28316.0
  Copyright (C) Microsoft Corporation.  All rights reserved.
  
  "/OUT:D:\Documents\Barony\build\editor.exe" steam_api.lib OpenGL32.lib glu32.lib SDL2.lib SDL2main.lib SDL2_net.lib SDL2_image.lib fmodex_vc.lib libpng.lib zlib.lib SDL2_ttf.lib physfs.lib kernel32.lib user32.lib gdi32.lib winspool.lib comdlg32.lib advapi32.lib shell32.lib ole32.lib oleaut32.lib uuid.lib odbc32.lib odbccp32.lib /MANIFEST "/MANIFESTUAC:level='asInvoker' uiAccess='false'" /manifest:embed /DEBUG "/PDB:D:\Documents\Barony\build\editor.pdb" /SUBSYSTEM:WINDOWS /OPT:REF /OPT:ICF /LTCG:incremental /TLBID:1 /DYNAMICBASE /NXCOMPAT "/IMPLIB:D:\Documents\Barony\build\editor.lib" /MACHINE:X86 /SAFESEH Release\wineditoricon.res 
  Release\buttons.obj 
  Release\cursors.obj 
  Release\draw.obj 
  Release\editor.obj 
  Release\entity_editor.obj 
  Release\entity_shared.obj 
  Release\files.obj 
  Release\hash.obj 
  Release\init.obj 
  Release\items_editor.obj 
  Release\light.obj 
  Release\list.obj 
  Release\main.obj 
  Release\objects.obj 
  Release\opengl.obj 
  Release\sound.obj 
  Release\stat_editor.obj 
  Release\stat_shared.obj 
  Release\steam_shared.obj 
  Generating code
  Previous IPDB not found, fall back to full compilation.
  All 1462 functions were compiled because no usable IPDB/IOBJ from previous compilation was found.
  Finished generating code
  editor.vcxproj -> D:\Documents\Barony\build\editor.exe
